  Geometria3.cpp
C:\Users\Josep\Documents\Visual Studio 2017\Projects\GL\include\Utilidades.h(29): warning C4838: la conversión de 'double' en 'const GLfloat' requiere una conversión de restricción
C:\Users\Josep\Documents\Visual Studio 2017\Projects\GL\include\Utilidades.h(29): warning C4305: 'inicializando': truncamiento de 'double' a 'const GLfloat'
C:\Users\Josep\Documents\Visual Studio 2017\Projects\GL\include\Utilidades.h(30): warning C4838: la conversión de 'double' en 'const GLfloat' requiere una conversión de restricción
C:\Users\Josep\Documents\Visual Studio 2017\Projects\GL\include\Utilidades.h(30): warning C4305: 'inicializando': truncamiento de 'double' a 'const GLfloat'
C:\Users\Josep\Documents\Visual Studio 2017\Projects\GL\include\Utilidades.h(35): warning C4838: la conversión de 'double' en 'const GLfloat' requiere una conversión de restricción
C:\Users\Josep\Documents\Visual Studio 2017\Projects\GL\include\Utilidades.h(35): warning C4305: 'inicializando': truncamiento de 'double' a 'const GLfloat'
C:\Users\Josep\Documents\Visual Studio 2017\Projects\GL\include\Utilidades.h(36): warning C4838: la conversión de 'double' en 'const GLfloat' requiere una conversión de restricción
C:\Users\Josep\Documents\Visual Studio 2017\Projects\GL\include\Utilidades.h(36): warning C4305: 'inicializando': truncamiento de 'double' a 'const GLfloat'
C:\Users\Josep\Documents\Visual Studio 2017\Projects\GL\include\Utilidades.h(38): warning C4838: la conversión de 'double' en 'const GLfloat' requiere una conversión de restricción
C:\Users\Josep\Documents\Visual Studio 2017\Projects\GL\include\Utilidades.h(38): warning C4305: 'inicializando': truncamiento de 'double' a 'const GLfloat'
C:\Users\Josep\Documents\Visual Studio 2017\Projects\GL\include\Utilidades.h(252): warning C4305: 'argumento': truncamiento de 'double' a 'GLfloat'
Geometria3.cpp(29): warning C4244: '=': conversión de 'double' a 'GLfloat'; posible pérdida de datos
Geometria3.cpp(30): warning C4244: '=': conversión de 'double' a 'GLfloat'; posible pérdida de datos
Geometria3.cpp(41): warning C4305: 'argumento': truncamiento de 'double' a 'GLclampf'
  Generando código
  17 of 17 functions (100.0%) were compiled, the rest were copied from previous compilation.
    0 functions were new in current compilation
    0 functions had inline decision re-evaluated but remain unchanged
  Generación de código finalizada
  Geometria.vcxproj -> C:\Users\Josep\Documents\Visual Studio 2017\Projects\PracticasSGI\Geometria\Geometria.exe
