  Carretera.cpp
C:\Users\Josep\Documents\Visual Studio 2017\Projects\GL\include\Utilidades.h(29): warning C4838: la conversión de 'double' en 'const GLfloat' requiere una conversión de restricción
C:\Users\Josep\Documents\Visual Studio 2017\Projects\GL\include\Utilidades.h(29): warning C4305: 'inicializando': truncamiento de 'double' a 'const GLfloat'
C:\Users\Josep\Documents\Visual Studio 2017\Projects\GL\include\Utilidades.h(30): warning C4838: la conversión de 'double' en 'const GLfloat' requiere una conversión de restricción
C:\Users\Josep\Documents\Visual Studio 2017\Projects\GL\include\Utilidades.h(30): warning C4305: 'inicializando': truncamiento de 'double' a 'const GLfloat'
C:\Users\Josep\Documents\Visual Studio 2017\Projects\GL\include\Utilidades.h(35): warning C4838: la conversión de 'double' en 'const GLfloat' requiere una conversión de restricción
C:\Users\Josep\Documents\Visual Studio 2017\Projects\GL\include\Utilidades.h(35): warning C4305: 'inicializando': truncamiento de 'double' a 'const GLfloat'
C:\Users\Josep\Documents\Visual Studio 2017\Projects\GL\include\Utilidades.h(36): warning C4838: la conversión de 'double' en 'const GLfloat' requiere una conversión de restricción
C:\Users\Josep\Documents\Visual Studio 2017\Projects\GL\include\Utilidades.h(36): warning C4305: 'inicializando': truncamiento de 'double' a 'const GLfloat'
C:\Users\Josep\Documents\Visual Studio 2017\Projects\GL\include\Utilidades.h(38): warning C4838: la conversión de 'double' en 'const GLfloat' requiere una conversión de restricción
C:\Users\Josep\Documents\Visual Studio 2017\Projects\GL\include\Utilidades.h(38): warning C4305: 'inicializando': truncamiento de 'double' a 'const GLfloat'
C:\Users\Josep\Documents\Visual Studio 2017\Projects\GL\include\Utilidades.h(252): warning C4305: 'argumento': truncamiento de 'double' a 'GLfloat'
Carretera.cpp(78): warning C4838: la conversión de 'int' en 'GLfloat' requiere una conversión de restricción
Carretera.cpp(78): warning C4244: 'inicializando': conversión de 'int' a 'GLfloat'; posible pérdida de datos
Carretera.cpp(79): warning C4838: la conversión de 'int' en 'GLfloat' requiere una conversión de restricción
Carretera.cpp(79): warning C4244: 'inicializando': conversión de 'int' a 'GLfloat'; posible pérdida de datos
Carretera.cpp(80): warning C4838: la conversión de 'int' en 'GLfloat' requiere una conversión de restricción
Carretera.cpp(80): warning C4244: 'inicializando': conversión de 'int' a 'GLfloat'; posible pérdida de datos
Carretera.cpp(81): warning C4838: la conversión de 'int' en 'GLfloat' requiere una conversión de restricción
Carretera.cpp(81): warning C4244: 'inicializando': conversión de 'int' a 'GLfloat'; posible pérdida de datos
  Generando código
  1 of 47 functions ( 2.1%) were compiled, the rest were copied from previous compilation.
    0 functions were new in current compilation
    1 functions had inline decision re-evaluated but remain unchanged
  Generación de código finalizada
  Practica 6.vcxproj -> C:\Users\Josep\Documents\Visual Studio 2017\Projects\PracticasSGI\Practica 6\Practica 6.exe
