  Videojuego.cpp
C:\Users\Josep\Documents\Visual Studio 2017\Projects\GL\include\Utilidades.h(29): warning C4838: la conversión de 'double' en 'const GLfloat' requiere una conversión de restricción
C:\Users\Josep\Documents\Visual Studio 2017\Projects\GL\include\Utilidades.h(29): warning C4305: 'inicializando': truncamiento de 'double' a 'const GLfloat'
C:\Users\Josep\Documents\Visual Studio 2017\Projects\GL\include\Utilidades.h(30): warning C4838: la conversión de 'double' en 'const GLfloat' requiere una conversión de restricción
C:\Users\Josep\Documents\Visual Studio 2017\Projects\GL\include\Utilidades.h(30): warning C4305: 'inicializando': truncamiento de 'double' a 'const GLfloat'
C:\Users\Josep\Documents\Visual Studio 2017\Projects\GL\include\Utilidades.h(35): warning C4838: la conversión de 'double' en 'const GLfloat' requiere una conversión de restricción
C:\Users\Josep\Documents\Visual Studio 2017\Projects\GL\include\Utilidades.h(35): warning C4305: 'inicializando': truncamiento de 'double' a 'const GLfloat'
C:\Users\Josep\Documents\Visual Studio 2017\Projects\GL\include\Utilidades.h(36): warning C4838: la conversión de 'double' en 'const GLfloat' requiere una conversión de restricción
C:\Users\Josep\Documents\Visual Studio 2017\Projects\GL\include\Utilidades.h(36): warning C4305: 'inicializando': truncamiento de 'double' a 'const GLfloat'
C:\Users\Josep\Documents\Visual Studio 2017\Projects\GL\include\Utilidades.h(38): warning C4838: la conversión de 'double' en 'const GLfloat' requiere una conversión de restricción
C:\Users\Josep\Documents\Visual Studio 2017\Projects\GL\include\Utilidades.h(38): warning C4305: 'inicializando': truncamiento de 'double' a 'const GLfloat'
C:\Users\Josep\Documents\Visual Studio 2017\Projects\GL\include\Utilidades.h(252): warning C4305: 'argumento': truncamiento de 'double' a 'GLfloat'
Videojuego.cpp(66): warning C4244: 'return': conversión de 'double' a 'float'; posible pérdida de datos
Videojuego.cpp(71): warning C4244: 'return': conversión de 'double' a 'float'; posible pérdida de datos
Videojuego.cpp(161): warning C4838: la conversión de 'double' en 'GLfloat' requiere una conversión de restricción
Videojuego.cpp(161): warning C4244: 'inicializando': conversión de 'double' a 'GLfloat'; posible pérdida de datos
Videojuego.cpp(162): warning C4838: la conversión de 'double' en 'GLfloat' requiere una conversión de restricción
Videojuego.cpp(162): warning C4244: 'inicializando': conversión de 'double' a 'GLfloat'; posible pérdida de datos
Videojuego.cpp(163): warning C4838: la conversión de 'double' en 'GLfloat' requiere una conversión de restricción
Videojuego.cpp(163): warning C4244: 'inicializando': conversión de 'double' a 'GLfloat'; posible pérdida de datos
Videojuego.cpp(164): warning C4838: la conversión de 'double' en 'GLfloat' requiere una conversión de restricción
Videojuego.cpp(164): warning C4244: 'inicializando': conversión de 'double' a 'GLfloat'; posible pérdida de datos
Videojuego.cpp(167): warning C4838: la conversión de 'double' en 'GLfloat' requiere una conversión de restricción
Videojuego.cpp(167): warning C4244: 'inicializando': conversión de 'double' a 'GLfloat'; posible pérdida de datos
Videojuego.cpp(168): warning C4838: la conversión de 'double' en 'GLfloat' requiere una conversión de restricción
Videojuego.cpp(168): warning C4244: 'inicializando': conversión de 'double' a 'GLfloat'; posible pérdida de datos
Videojuego.cpp(169): warning C4838: la conversión de 'double' en 'GLfloat' requiere una conversión de restricción
Videojuego.cpp(169): warning C4244: 'inicializando': conversión de 'double' a 'GLfloat'; posible pérdida de datos
Videojuego.cpp(170): warning C4838: la conversión de 'double' en 'GLfloat' requiere una conversión de restricción
Videojuego.cpp(170): warning C4244: 'inicializando': conversión de 'double' a 'GLfloat'; posible pérdida de datos
Videojuego.cpp(180): warning C4838: la conversión de 'double' en 'GLfloat' requiere una conversión de restricción
Videojuego.cpp(180): warning C4244: 'inicializando': conversión de 'double' a 'GLfloat'; posible pérdida de datos
Videojuego.cpp(181): warning C4838: la conversión de 'double' en 'GLfloat' requiere una conversión de restricción
Videojuego.cpp(181): warning C4244: 'inicializando': conversión de 'double' a 'GLfloat'; posible pérdida de datos
Videojuego.cpp(182): warning C4838: la conversión de 'double' en 'GLfloat' requiere una conversión de restricción
Videojuego.cpp(182): warning C4244: 'inicializando': conversión de 'double' a 'GLfloat'; posible pérdida de datos
Videojuego.cpp(183): warning C4838: la conversión de 'double' en 'GLfloat' requiere una conversión de restricción
Videojuego.cpp(183): warning C4244: 'inicializando': conversión de 'double' a 'GLfloat'; posible pérdida de datos
Videojuego.cpp(191): warning C4838: la conversión de 'double' en 'GLfloat' requiere una conversión de restricción
Videojuego.cpp(191): warning C4244: 'inicializando': conversión de 'double' a 'GLfloat'; posible pérdida de datos
Videojuego.cpp(192): warning C4838: la conversión de 'double' en 'GLfloat' requiere una conversión de restricción
Videojuego.cpp(192): warning C4244: 'inicializando': conversión de 'double' a 'GLfloat'; posible pérdida de datos
Videojuego.cpp(193): warning C4838: la conversión de 'double' en 'GLfloat' requiere una conversión de restricción
Videojuego.cpp(193): warning C4244: 'inicializando': conversión de 'double' a 'GLfloat'; posible pérdida de datos
Videojuego.cpp(194): warning C4838: la conversión de 'double' en 'GLfloat' requiere una conversión de restricción
Videojuego.cpp(194): warning C4244: 'inicializando': conversión de 'double' a 'GLfloat'; posible pérdida de datos
Videojuego.cpp(446): warning C4244: 'inicializando': conversión de 'float' a 'int'; posible pérdida de datos
Videojuego.cpp(447): warning C4244: 'inicializando': conversión de 'int' a 'float'; posible pérdida de datos
Videojuego.cpp(448): warning C4244: 'inicializando': conversión de 'int' a 'float'; posible pérdida de datos
Videojuego.cpp(458): warning C4838: la conversión de 'double' en 'GLfloat' requiere una conversión de restricción
Videojuego.cpp(458): warning C4305: 'inicializando': truncamiento de 'double' a 'GLfloat'
Videojuego.cpp(459): warning C4838: la conversión de 'double' en 'GLfloat' requiere una conversión de restricción
Videojuego.cpp(459): warning C4305: 'inicializando': truncamiento de 'double' a 'GLfloat'
Videojuego.cpp(460): warning C4838: la conversión de 'double' en 'GLfloat' requiere una conversión de restricción
Videojuego.cpp(460): warning C4305: 'inicializando': truncamiento de 'double' a 'GLfloat'
Videojuego.cpp(461): warning C4838: la conversión de 'double' en 'GLfloat' requiere una conversión de restricción
Videojuego.cpp(461): warning C4305: 'inicializando': truncamiento de 'double' a 'GLfloat'
Videojuego.cpp(495): warning C4305: 'argumento': truncamiento de 'double' a 'GLfloat'
Videojuego.cpp(579): warning C4305: '-=': truncamiento de 'double' a 'float'
Videojuego.cpp(582): warning C4305: '+=': truncamiento de 'double' a 'float'
Videojuego.cpp(585): warning C4305: '+=': truncamiento de 'double' a 'float'
Videojuego.cpp(588): warning C4305: '-=': truncamiento de 'double' a 'float'
  Generando código
  2 of 132 functions ( 1.5%) were compiled, the rest were copied from previous compilation.
    0 functions were new in current compilation
    9 functions had inline decision re-evaluated but remain unchanged
  Generación de código finalizada
  Practica 9.vcxproj -> C:\Users\Josep\Documents\Visual Studio 2017\Projects\PracticasSGI\Practica 9\Practica 9.exe
