  Practica 4.cpp
C:\Users\Josep\Documents\Visual Studio 2017\Projects\GL\include\Utilidades.h(29): warning C4838: la conversión de 'double' en 'const GLfloat' requiere una conversión de restricción
C:\Users\Josep\Documents\Visual Studio 2017\Projects\GL\include\Utilidades.h(29): warning C4305: 'inicializando': truncamiento de 'double' a 'const GLfloat'
C:\Users\Josep\Documents\Visual Studio 2017\Projects\GL\include\Utilidades.h(30): warning C4838: la conversión de 'double' en 'const GLfloat' requiere una conversión de restricción
C:\Users\Josep\Documents\Visual Studio 2017\Projects\GL\include\Utilidades.h(30): warning C4305: 'inicializando': truncamiento de 'double' a 'const GLfloat'
C:\Users\Josep\Documents\Visual Studio 2017\Projects\GL\include\Utilidades.h(35): warning C4838: la conversión de 'double' en 'const GLfloat' requiere una conversión de restricción
C:\Users\Josep\Documents\Visual Studio 2017\Projects\GL\include\Utilidades.h(35): warning C4305: 'inicializando': truncamiento de 'double' a 'const GLfloat'
C:\Users\Josep\Documents\Visual Studio 2017\Projects\GL\include\Utilidades.h(36): warning C4838: la conversión de 'double' en 'const GLfloat' requiere una conversión de restricción
C:\Users\Josep\Documents\Visual Studio 2017\Projects\GL\include\Utilidades.h(36): warning C4305: 'inicializando': truncamiento de 'double' a 'const GLfloat'
C:\Users\Josep\Documents\Visual Studio 2017\Projects\GL\include\Utilidades.h(38): warning C4838: la conversión de 'double' en 'const GLfloat' requiere una conversión de restricción
C:\Users\Josep\Documents\Visual Studio 2017\Projects\GL\include\Utilidades.h(38): warning C4305: 'inicializando': truncamiento de 'double' a 'const GLfloat'
C:\Users\Josep\Documents\Visual Studio 2017\Projects\GL\include\Utilidades.h(252): warning C4305: 'argumento': truncamiento de 'double' a 'GLfloat'
Practica 4.cpp(26): warning C4305: 'inicializando': truncamiento de 'double' a 'float'
Practica 4.cpp(30): warning C4244: 'argumento': conversión de 'double' a 'GLfloat'; posible pérdida de datos
Practica 4.cpp(31): warning C4305: 'argumento': truncamiento de 'double' a 'GLfloat'
Practica 4.cpp(32): warning C4244: 'argumento': conversión de 'double' a 'GLfloat'; posible pérdida de datos
Practica 4.cpp(33): warning C4305: 'argumento': truncamiento de 'double' a 'GLfloat'
Practica 4.cpp(34): warning C4244: 'argumento': conversión de 'double' a 'GLfloat'; posible pérdida de datos
Practica 4.cpp(36): warning C4244: 'argumento': conversión de 'double' a 'GLfloat'; posible pérdida de datos
Practica 4.cpp(41): warning C4305: 'argumento': truncamiento de 'double' a 'GLfloat'
Practica 4.cpp(42): warning C4305: 'argumento': truncamiento de 'double' a 'GLfloat'
Practica 4.cpp(43): warning C4305: 'argumento': truncamiento de 'double' a 'GLfloat'
Practica 4.cpp(44): warning C4305: 'argumento': truncamiento de 'double' a 'GLfloat'
Practica 4.cpp(45): warning C4305: 'argumento': truncamiento de 'double' a 'GLfloat'
Practica 4.cpp(47): warning C4305: 'argumento': truncamiento de 'double' a 'GLfloat'
Practica 4.cpp(69): warning C4244: 'argumento': conversión de 'int' a 'GLfloat'; posible pérdida de datos
  Generando código
  17 of 17 functions (100.0%) were compiled, the rest were copied from previous compilation.
    0 functions were new in current compilation
    0 functions had inline decision re-evaluated but remain unchanged
  Generación de código finalizada
  Practica 4.vcxproj -> C:\Users\Josep\Documents\Visual Studio 2017\Projects\PracticasSGI\Practica 4\Practica 4.exe
