  Practica2.cpp
C:\Users\Josep\Documents\Visual Studio 2017\Projects\GL\include\Utilidades.h(29): warning C4838: la conversión de 'double' en 'const GLfloat' requiere una conversión de restricción
C:\Users\Josep\Documents\Visual Studio 2017\Projects\GL\include\Utilidades.h(29): warning C4305: 'inicializando': truncamiento de 'double' a 'const GLfloat'
C:\Users\Josep\Documents\Visual Studio 2017\Projects\GL\include\Utilidades.h(30): warning C4838: la conversión de 'double' en 'const GLfloat' requiere una conversión de restricción
C:\Users\Josep\Documents\Visual Studio 2017\Projects\GL\include\Utilidades.h(30): warning C4305: 'inicializando': truncamiento de 'double' a 'const GLfloat'
C:\Users\Josep\Documents\Visual Studio 2017\Projects\GL\include\Utilidades.h(35): warning C4838: la conversión de 'double' en 'const GLfloat' requiere una conversión de restricción
C:\Users\Josep\Documents\Visual Studio 2017\Projects\GL\include\Utilidades.h(35): warning C4305: 'inicializando': truncamiento de 'double' a 'const GLfloat'
C:\Users\Josep\Documents\Visual Studio 2017\Projects\GL\include\Utilidades.h(36): warning C4838: la conversión de 'double' en 'const GLfloat' requiere una conversión de restricción
C:\Users\Josep\Documents\Visual Studio 2017\Projects\GL\include\Utilidades.h(36): warning C4305: 'inicializando': truncamiento de 'double' a 'const GLfloat'
C:\Users\Josep\Documents\Visual Studio 2017\Projects\GL\include\Utilidades.h(38): warning C4838: la conversión de 'double' en 'const GLfloat' requiere una conversión de restricción
C:\Users\Josep\Documents\Visual Studio 2017\Projects\GL\include\Utilidades.h(38): warning C4305: 'inicializando': truncamiento de 'double' a 'const GLfloat'
C:\Users\Josep\Documents\Visual Studio 2017\Projects\GL\include\Utilidades.h(252): warning C4305: 'argumento': truncamiento de 'double' a 'GLfloat'
Practica2.cpp(31): warning C4305: 'inicializando': truncamiento de 'double' a 'float'
Practica2.cpp(32): warning C4305: 'inicializando': truncamiento de 'double' a 'float'
Practica2.cpp(37): warning C4305: 'argumento': truncamiento de 'double' a 'GLfloat'
Practica2.cpp(38): warning C4305: 'argumento': truncamiento de 'double' a 'GLfloat'
Practica2.cpp(39): warning C4305: 'argumento': truncamiento de 'double' a 'GLfloat'
Practica2.cpp(41): warning C4305: 'argumento': truncamiento de 'double' a 'GLfloat'
Practica2.cpp(42): warning C4305: 'argumento': truncamiento de 'double' a 'GLfloat'
Practica2.cpp(43): warning C4305: 'argumento': truncamiento de 'double' a 'GLfloat'
Practica2.cpp(44): warning C4305: 'argumento': truncamiento de 'double' a 'GLfloat'
Practica2.cpp(46): warning C4305: 'argumento': truncamiento de 'double' a 'GLfloat'
Practica2.cpp(47): warning C4305: 'argumento': truncamiento de 'double' a 'GLfloat'
Practica2.cpp(48): warning C4305: 'argumento': truncamiento de 'double' a 'GLfloat'
Practica2.cpp(49): warning C4305: 'argumento': truncamiento de 'double' a 'GLfloat'
Practica2.cpp(54): warning C4305: 'argumento': truncamiento de 'double' a 'GLfloat'
Practica2.cpp(55): warning C4305: 'argumento': truncamiento de 'double' a 'GLfloat'
Practica2.cpp(56): warning C4305: 'argumento': truncamiento de 'double' a 'GLfloat'
Practica2.cpp(57): warning C4305: 'argumento': truncamiento de 'double' a 'GLfloat'
Practica2.cpp(58): warning C4305: 'argumento': truncamiento de 'double' a 'GLfloat'
Practica2.cpp(60): warning C4305: 'argumento': truncamiento de 'double' a 'GLfloat'
Practica2.cpp(61): warning C4305: 'argumento': truncamiento de 'double' a 'GLfloat'
Practica2.cpp(62): warning C4305: 'argumento': truncamiento de 'double' a 'GLfloat'
Practica2.cpp(63): warning C4305: 'argumento': truncamiento de 'double' a 'GLfloat'
Practica2.cpp(67): warning C4305: 'argumento': truncamiento de 'double' a 'GLfloat'
Practica2.cpp(68): warning C4305: 'argumento': truncamiento de 'double' a 'GLfloat'
Practica2.cpp(69): warning C4305: 'argumento': truncamiento de 'double' a 'GLfloat'
Practica2.cpp(70): warning C4305: 'argumento': truncamiento de 'double' a 'GLfloat'
  Generando código
  2 of 17 functions (11.8%) were compiled, the rest were copied from previous compilation.
    0 functions were new in current compilation
    0 functions had inline decision re-evaluated but remain unchanged
  Generación de código finalizada
  Practica 2.vcxproj -> C:\Users\Josep\Documents\Visual Studio 2017\Projects\Practicas SGI\Practica 2\Practica 2.exe
